<?xml version="1.0" encoding="UTF-8"?>
<testng-results skipped="0" failed="0" total="1" passed="1">
  <reporter-output>
  </reporter-output>
  <suite name="Suite" duration-ms="66404" started-at="2018-03-05T10:18:18Z" finished-at="2018-03-05T10:19:25Z">
    <groups>
    </groups>
    <test name="Test" duration-ms="66404" started-at="2018-03-05T10:18:18Z" finished-at="2018-03-05T10:19:25Z">
      <class name="com.tyss.Demo">
        <test-method status="PASS" signature="testA()[pri:0, instance:com.tyss.Demo@6aaa5eb0]" name="testA" duration-ms="66377" started-at="2018-03-05T15:48:18Z" finished-at="2018-03-05T15:49:25Z">
          <reporter-output>
          </reporter-output>
        </test-method> <!-- testA -->
      </class> <!-- com.tyss.Demo -->
    </test> <!-- Test -->
  </suite> <!-- Suite -->
</testng-results>
